ARM GAS  C:\Users\ntan\AppData\Local\Temp\cco1018A.s 			page 1


   1              		.syntax unified
   2              		.cpu cortex-m0plus
   3              		.fpu softvfp
   4              		.eabi_attribute 20, 1
   5              		.eabi_attribute 21, 1
   6              		.eabi_attribute 23, 3
   7              		.eabi_attribute 24, 1
   8              		.eabi_attribute 25, 1
   9              		.eabi_attribute 26, 1
  10              		.eabi_attribute 30, 1
  11              		.eabi_attribute 34, 0
  12              		.eabi_attribute 18, 4
  13              		.thumb
  14              		.syntax unified
  15              		.file	"main_cm0p.c"
  16              		.text
  17              	.Ltext0:
  18              		.cfi_sections	.debug_frame
  19              		.section	.text.main,"ax",%progbits
  20              		.align	2
  21              		.global	main
  22              		.code	16
  23              		.thumb_func
  24              		.type	main, %function
  25              	main:
  26              	.LFB306:
  27              		.file 1 "main_cm0p.c"
   1:main_cm0p.c   **** /* ========================================
   2:main_cm0p.c   ****  *
   3:main_cm0p.c   ****  * Copyright YOUR COMPANY, THE YEAR
   4:main_cm0p.c   ****  * All Rights Reserved
   5:main_cm0p.c   ****  * UNPUBLISHED, LICENSED SOFTWARE.
   6:main_cm0p.c   ****  *
   7:main_cm0p.c   ****  * CONFIDENTIAL AND PROPRIETARY INFORMATION
   8:main_cm0p.c   ****  * WHICH IS THE PROPERTY OF your company.
   9:main_cm0p.c   ****  *
  10:main_cm0p.c   ****  * ========================================
  11:main_cm0p.c   **** */
  12:main_cm0p.c   **** #include "project.h"
  13:main_cm0p.c   **** 
  14:main_cm0p.c   **** int main(void)
  15:main_cm0p.c   **** {
  28              		.loc 1 15 0
  29              		.cfi_startproc
  30              		@ Volatile: function does not return.
  31              		@ args = 0, pretend = 0, frame = 0
  32              		@ frame_needed = 0, uses_anonymous_args = 0
  33 0000 10B5     		push	{r4, lr}
  34              		.cfi_def_cfa_offset 8
  35              		.cfi_offset 4, -8
  36              		.cfi_offset 14, -4
  37              	.LBB4:
  38              	.LBB5:
  39              		.file 2 "Generated_Source\\PSoC6\\pdl\\cmsis/include/cmsis_gcc.h"
   1:Generated_Source\PSoC6\pdl\cmsis/include/cmsis_gcc.h **** /**************************************************************************//**
   2:Generated_Source\PSoC6\pdl\cmsis/include/cmsis_gcc.h ****  * @file     cmsis_gcc.h
   3:Generated_Source\PSoC6\pdl\cmsis/include/cmsis_gcc.h ****  * @brief    CMSIS compiler GCC header file
ARM GAS  C:\Users\ntan\AppData\Local\Temp\cco1018A.s 			page 2


   4:Generated_Source\PSoC6\pdl\cmsis/include/cmsis_gcc.h ****  * @version  V5.0.1
   5:Generated_Source\PSoC6\pdl\cmsis/include/cmsis_gcc.h ****  * @date     02. February 2017
   6:Generated_Source\PSoC6\pdl\cmsis/include/cmsis_gcc.h ****  ******************************************************************************/
   7:Generated_Source\PSoC6\pdl\cmsis/include/cmsis_gcc.h **** /*
   8:Generated_Source\PSoC6\pdl\cmsis/include/cmsis_gcc.h ****  * Copyright (c) 2009-2017 ARM Limited. All rights reserved.
   9:Generated_Source\PSoC6\pdl\cmsis/include/cmsis_gcc.h ****  *
  10:Generated_Source\PSoC6\pdl\cmsis/include/cmsis_gcc.h ****  * SPDX-License-Identifier: Apache-2.0
  11:Generated_Source\PSoC6\pdl\cmsis/include/cmsis_gcc.h ****  *
  12:Generated_Source\PSoC6\pdl\cmsis/include/cmsis_gcc.h ****  * Licensed under the Apache License, Version 2.0 (the License); you may
  13:Generated_Source\PSoC6\pdl\cmsis/include/cmsis_gcc.h ****  * not use this file except in compliance with the License.
  14:Generated_Source\PSoC6\pdl\cmsis/include/cmsis_gcc.h ****  * You may obtain a copy of the License at
  15:Generated_Source\PSoC6\pdl\cmsis/include/cmsis_gcc.h ****  *
  16:Generated_Source\PSoC6\pdl\cmsis/include/cmsis_gcc.h ****  * www.apache.org/licenses/LICENSE-2.0
  17:Generated_Source\PSoC6\pdl\cmsis/include/cmsis_gcc.h ****  *
  18:Generated_Source\PSoC6\pdl\cmsis/include/cmsis_gcc.h ****  * Unless required by applicable law or agreed to in writing, software
  19:Generated_Source\PSoC6\pdl\cmsis/include/cmsis_gcc.h ****  * distributed under the License is distributed on an AS IS BASIS, WITHOUT
  20:Generated_Source\PSoC6\pdl\cmsis/include/cmsis_gcc.h ****  * WARRANTIES OR CONDITIONS OF ANY KIND, either express or implied.
  21:Generated_Source\PSoC6\pdl\cmsis/include/cmsis_gcc.h ****  * See the License for the specific language governing permissions and
  22:Generated_Source\PSoC6\pdl\cmsis/include/cmsis_gcc.h ****  * limitations under the License.
  23:Generated_Source\PSoC6\pdl\cmsis/include/cmsis_gcc.h ****  */
  24:Generated_Source\PSoC6\pdl\cmsis/include/cmsis_gcc.h **** 
  25:Generated_Source\PSoC6\pdl\cmsis/include/cmsis_gcc.h **** #ifndef __CMSIS_GCC_H
  26:Generated_Source\PSoC6\pdl\cmsis/include/cmsis_gcc.h **** #define __CMSIS_GCC_H
  27:Generated_Source\PSoC6\pdl\cmsis/include/cmsis_gcc.h **** 
  28:Generated_Source\PSoC6\pdl\cmsis/include/cmsis_gcc.h **** /* ignore some GCC warnings */
  29:Generated_Source\PSoC6\pdl\cmsis/include/cmsis_gcc.h **** #pragma GCC diagnostic push
  30:Generated_Source\PSoC6\pdl\cmsis/include/cmsis_gcc.h **** #pragma GCC diagnostic ignored "-Wsign-conversion"
  31:Generated_Source\PSoC6\pdl\cmsis/include/cmsis_gcc.h **** #pragma GCC diagnostic ignored "-Wconversion"
  32:Generated_Source\PSoC6\pdl\cmsis/include/cmsis_gcc.h **** #pragma GCC diagnostic ignored "-Wunused-parameter"
  33:Generated_Source\PSoC6\pdl\cmsis/include/cmsis_gcc.h **** 
  34:Generated_Source\PSoC6\pdl\cmsis/include/cmsis_gcc.h **** /* CMSIS compiler specific defines */
  35:Generated_Source\PSoC6\pdl\cmsis/include/cmsis_gcc.h **** #ifndef   __ASM
  36:Generated_Source\PSoC6\pdl\cmsis/include/cmsis_gcc.h ****   #define __ASM                     __asm
  37:Generated_Source\PSoC6\pdl\cmsis/include/cmsis_gcc.h **** #endif
  38:Generated_Source\PSoC6\pdl\cmsis/include/cmsis_gcc.h **** #ifndef   __INLINE
  39:Generated_Source\PSoC6\pdl\cmsis/include/cmsis_gcc.h ****   #define __INLINE                  inline
  40:Generated_Source\PSoC6\pdl\cmsis/include/cmsis_gcc.h **** #endif
  41:Generated_Source\PSoC6\pdl\cmsis/include/cmsis_gcc.h **** #ifndef   __STATIC_INLINE
  42:Generated_Source\PSoC6\pdl\cmsis/include/cmsis_gcc.h ****   #define __STATIC_INLINE           static inline
  43:Generated_Source\PSoC6\pdl\cmsis/include/cmsis_gcc.h **** #endif
  44:Generated_Source\PSoC6\pdl\cmsis/include/cmsis_gcc.h **** #ifndef   __NO_RETURN
  45:Generated_Source\PSoC6\pdl\cmsis/include/cmsis_gcc.h ****   #define __NO_RETURN               __attribute__((noreturn))
  46:Generated_Source\PSoC6\pdl\cmsis/include/cmsis_gcc.h **** #endif
  47:Generated_Source\PSoC6\pdl\cmsis/include/cmsis_gcc.h **** #ifndef   __USED
  48:Generated_Source\PSoC6\pdl\cmsis/include/cmsis_gcc.h ****   #define __USED                    __attribute__((used))
  49:Generated_Source\PSoC6\pdl\cmsis/include/cmsis_gcc.h **** #endif
  50:Generated_Source\PSoC6\pdl\cmsis/include/cmsis_gcc.h **** #ifndef   __WEAK
  51:Generated_Source\PSoC6\pdl\cmsis/include/cmsis_gcc.h ****   #define __WEAK                    __attribute__((weak))
  52:Generated_Source\PSoC6\pdl\cmsis/include/cmsis_gcc.h **** #endif
  53:Generated_Source\PSoC6\pdl\cmsis/include/cmsis_gcc.h **** #ifndef   __UNALIGNED_UINT32
  54:Generated_Source\PSoC6\pdl\cmsis/include/cmsis_gcc.h **** #pragma GCC diagnostic push
  55:Generated_Source\PSoC6\pdl\cmsis/include/cmsis_gcc.h **** #pragma GCC diagnostic ignored "-Wpacked"
  56:Generated_Source\PSoC6\pdl\cmsis/include/cmsis_gcc.h **** #pragma GCC diagnostic ignored "-Wattributes"
  57:Generated_Source\PSoC6\pdl\cmsis/include/cmsis_gcc.h ****   struct __attribute__((packed)) T_UINT32 { uint32_t v; };
  58:Generated_Source\PSoC6\pdl\cmsis/include/cmsis_gcc.h **** #pragma GCC diagnostic pop
  59:Generated_Source\PSoC6\pdl\cmsis/include/cmsis_gcc.h ****   #define __UNALIGNED_UINT32(x)     (((struct T_UINT32 *)(x))->v)
  60:Generated_Source\PSoC6\pdl\cmsis/include/cmsis_gcc.h **** #endif
ARM GAS  C:\Users\ntan\AppData\Local\Temp\cco1018A.s 			page 3


  61:Generated_Source\PSoC6\pdl\cmsis/include/cmsis_gcc.h **** #ifndef   __ALIGNED
  62:Generated_Source\PSoC6\pdl\cmsis/include/cmsis_gcc.h ****   #define __ALIGNED(x)              __attribute__((aligned(x)))
  63:Generated_Source\PSoC6\pdl\cmsis/include/cmsis_gcc.h **** #endif
  64:Generated_Source\PSoC6\pdl\cmsis/include/cmsis_gcc.h **** #ifndef   __PACKED
  65:Generated_Source\PSoC6\pdl\cmsis/include/cmsis_gcc.h ****   #define __PACKED                  __attribute__((packed, aligned(1)))
  66:Generated_Source\PSoC6\pdl\cmsis/include/cmsis_gcc.h **** #endif
  67:Generated_Source\PSoC6\pdl\cmsis/include/cmsis_gcc.h **** #ifndef   __PACKED_STRUCT
  68:Generated_Source\PSoC6\pdl\cmsis/include/cmsis_gcc.h ****   #define __PACKED_STRUCT           struct __attribute__((packed, aligned(1)))
  69:Generated_Source\PSoC6\pdl\cmsis/include/cmsis_gcc.h **** #endif
  70:Generated_Source\PSoC6\pdl\cmsis/include/cmsis_gcc.h **** 
  71:Generated_Source\PSoC6\pdl\cmsis/include/cmsis_gcc.h **** 
  72:Generated_Source\PSoC6\pdl\cmsis/include/cmsis_gcc.h **** /* ###########################  Core Function Access  ########################### */
  73:Generated_Source\PSoC6\pdl\cmsis/include/cmsis_gcc.h **** /** \ingroup  CMSIS_Core_FunctionInterface
  74:Generated_Source\PSoC6\pdl\cmsis/include/cmsis_gcc.h ****     \defgroup CMSIS_Core_RegAccFunctions CMSIS Core Register Access Functions
  75:Generated_Source\PSoC6\pdl\cmsis/include/cmsis_gcc.h ****   @{
  76:Generated_Source\PSoC6\pdl\cmsis/include/cmsis_gcc.h ****  */
  77:Generated_Source\PSoC6\pdl\cmsis/include/cmsis_gcc.h **** 
  78:Generated_Source\PSoC6\pdl\cmsis/include/cmsis_gcc.h **** /**
  79:Generated_Source\PSoC6\pdl\cmsis/include/cmsis_gcc.h ****   \brief   Enable IRQ Interrupts
  80:Generated_Source\PSoC6\pdl\cmsis/include/cmsis_gcc.h ****   \details Enables IRQ interrupts by clearing the I-bit in the CPSR.
  81:Generated_Source\PSoC6\pdl\cmsis/include/cmsis_gcc.h ****            Can only be executed in Privileged modes.
  82:Generated_Source\PSoC6\pdl\cmsis/include/cmsis_gcc.h ****  */
  83:Generated_Source\PSoC6\pdl\cmsis/include/cmsis_gcc.h **** __attribute__((always_inline)) __STATIC_INLINE void __enable_irq(void)
  84:Generated_Source\PSoC6\pdl\cmsis/include/cmsis_gcc.h **** {
  85:Generated_Source\PSoC6\pdl\cmsis/include/cmsis_gcc.h ****   __ASM volatile ("cpsie i" : : : "memory");
  40              		.loc 2 85 0
  41              		.syntax divided
  42              	@ 85 "Generated_Source\PSoC6\pdl\cmsis/include/cmsis_gcc.h" 1
  43 0002 62B6     		cpsie i
  44              	@ 0 "" 2
  45              		.thumb
  46              		.syntax unified
  47              	.LBE5:
  48              	.LBE4:
  16:main_cm0p.c   ****     __enable_irq(); /* Enable global interrupts. */
  17:main_cm0p.c   ****     /* Enable CM4.  CY_CORTEX_M4_APPL_ADDR must be updated if CM4 memory layout is changed. */
  18:main_cm0p.c   ****     Cy_SysEnableCM4(CY_CORTEX_M4_APPL_ADDR); 
  49              		.loc 1 18 0
  50 0004 0248     		ldr	r0, .L3
  51 0006 FFF7FEFF 		bl	Cy_SysEnableCM4
  52              	.LVL0:
  19:main_cm0p.c   **** 
  20:main_cm0p.c   ****     /* Place your initialization/startup code here (e.g. MyInst_Start()) */
  21:main_cm0p.c   ****     PWM_2Hz_Start();
  53              		.loc 1 21 0
  54 000a FFF7FEFF 		bl	PWM_2Hz_Start
  55              	.LVL1:
  56              	.L2:
  57 000e FEE7     		b	.L2
  58              	.L4:
  59              		.align	2
  60              	.L3:
  61 0010 00000810 		.word	268959744
  62              		.cfi_endproc
  63              	.LFE306:
  64              		.size	main, .-main
  65              		.text
ARM GAS  C:\Users\ntan\AppData\Local\Temp\cco1018A.s 			page 4


  66              	.Letext0:
  67              		.file 3 "c:\\program files (x86)\\cypress\\psoc creator\\4.2\\psoc creator\\import\\gnu\\arm\\5.4.
  68              		.file 4 "c:\\program files (x86)\\cypress\\psoc creator\\4.2\\psoc creator\\import\\gnu\\arm\\5.4.
  69              		.file 5 "Generated_Source\\PSoC6\\pdl\\drivers/peripheral/tcpwm/cy_tcpwm_pwm.h"
  70              		.file 6 "./system_psoc63.h"
  71              		.file 7 "Generated_Source\\PSoC6/PWM_2Hz.h"
  72              		.section	.debug_info,"",%progbits
  73              	.Ldebug_info0:
  74 0000 64020000 		.4byte	0x264
  75 0004 0400     		.2byte	0x4
  76 0006 00000000 		.4byte	.Ldebug_abbrev0
  77 000a 04       		.byte	0x4
  78 000b 01       		.uleb128 0x1
  79 000c 77020000 		.4byte	.LASF45
  80 0010 0C       		.byte	0xc
  81 0011 29010000 		.4byte	.LASF46
  82 0015 C5010000 		.4byte	.LASF47
  83 0019 00000000 		.4byte	.Ldebug_ranges0+0
  84 001d 00000000 		.4byte	0
  85 0021 00000000 		.4byte	.Ldebug_line0
  86 0025 02       		.uleb128 0x2
  87 0026 02       		.byte	0x2
  88 0027 05       		.byte	0x5
  89 0028 27020000 		.4byte	.LASF0
  90 002c 02       		.uleb128 0x2
  91 002d 01       		.byte	0x1
  92 002e 08       		.byte	0x8
  93 002f CF000000 		.4byte	.LASF1
  94 0033 02       		.uleb128 0x2
  95 0034 01       		.byte	0x1
  96 0035 06       		.byte	0x6
  97 0036 09030000 		.4byte	.LASF2
  98 003a 02       		.uleb128 0x2
  99 003b 02       		.byte	0x2
 100 003c 07       		.byte	0x7
 101 003d FE000000 		.4byte	.LASF3
 102 0041 02       		.uleb128 0x2
 103 0042 04       		.byte	0x4
 104 0043 05       		.byte	0x5
 105 0044 54020000 		.4byte	.LASF4
 106 0048 03       		.uleb128 0x3
 107 0049 35010000 		.4byte	.LASF9
 108 004d 03       		.byte	0x3
 109 004e 41       		.byte	0x41
 110 004f 53000000 		.4byte	0x53
 111 0053 02       		.uleb128 0x2
 112 0054 04       		.byte	0x4
 113 0055 07       		.byte	0x7
 114 0056 EC000000 		.4byte	.LASF5
 115 005a 02       		.uleb128 0x2
 116 005b 08       		.byte	0x8
 117 005c 05       		.byte	0x5
 118 005d 04020000 		.4byte	.LASF6
 119 0061 02       		.uleb128 0x2
 120 0062 08       		.byte	0x8
 121 0063 07       		.byte	0x7
 122 0064 96010000 		.4byte	.LASF7
ARM GAS  C:\Users\ntan\AppData\Local\Temp\cco1018A.s 			page 5


 123 0068 04       		.uleb128 0x4
 124 0069 04       		.byte	0x4
 125 006a 05       		.byte	0x5
 126 006b 696E7400 		.ascii	"int\000"
 127 006f 02       		.uleb128 0x2
 128 0070 04       		.byte	0x4
 129 0071 07       		.byte	0x7
 130 0072 73000000 		.4byte	.LASF8
 131 0076 03       		.uleb128 0x3
 132 0077 4B020000 		.4byte	.LASF10
 133 007b 04       		.byte	0x4
 134 007c 30       		.byte	0x30
 135 007d 48000000 		.4byte	0x48
 136 0081 02       		.uleb128 0x2
 137 0082 04       		.byte	0x4
 138 0083 07       		.byte	0x7
 139 0084 FB010000 		.4byte	.LASF11
 140 0088 02       		.uleb128 0x2
 141 0089 08       		.byte	0x8
 142 008a 04       		.byte	0x4
 143 008b 6B020000 		.4byte	.LASF12
 144 008f 02       		.uleb128 0x2
 145 0090 01       		.byte	0x1
 146 0091 08       		.byte	0x8
 147 0092 12020000 		.4byte	.LASF13
 148 0096 02       		.uleb128 0x2
 149 0097 04       		.byte	0x4
 150 0098 04       		.byte	0x4
 151 0099 9F000000 		.4byte	.LASF14
 152 009d 02       		.uleb128 0x2
 153 009e 08       		.byte	0x8
 154 009f 04       		.byte	0x4
 155 00a0 5C010000 		.4byte	.LASF15
 156 00a4 02       		.uleb128 0x2
 157 00a5 01       		.byte	0x1
 158 00a6 02       		.byte	0x2
 159 00a7 1F030000 		.4byte	.LASF16
 160 00ab 05       		.uleb128 0x5
 161 00ac B7000000 		.4byte	.LASF48
 162 00b0 64       		.byte	0x64
 163 00b1 05       		.byte	0x5
 164 00b2 2B       		.byte	0x2b
 165 00b3 E4010000 		.4byte	0x1e4
 166 00b7 06       		.uleb128 0x6
 167 00b8 AD010000 		.4byte	.LASF17
 168 00bc 05       		.byte	0x5
 169 00bd 2D       		.byte	0x2d
 170 00be 76000000 		.4byte	0x76
 171 00c2 00       		.byte	0
 172 00c3 06       		.uleb128 0x6
 173 00c4 64000000 		.4byte	.LASF18
 174 00c8 05       		.byte	0x5
 175 00c9 2F       		.byte	0x2f
 176 00ca 76000000 		.4byte	0x76
 177 00ce 04       		.byte	0x4
 178 00cf 06       		.uleb128 0x6
 179 00d0 89010000 		.4byte	.LASF19
ARM GAS  C:\Users\ntan\AppData\Local\Temp\cco1018A.s 			page 6


 180 00d4 05       		.byte	0x5
 181 00d5 30       		.byte	0x30
 182 00d6 76000000 		.4byte	0x76
 183 00da 08       		.byte	0x8
 184 00db 06       		.uleb128 0x6
 185 00dc DD000000 		.4byte	.LASF20
 186 00e0 05       		.byte	0x5
 187 00e1 31       		.byte	0x31
 188 00e2 76000000 		.4byte	0x76
 189 00e6 0C       		.byte	0xc
 190 00e7 06       		.uleb128 0x6
 191 00e8 68010000 		.4byte	.LASF21
 192 00ec 05       		.byte	0x5
 193 00ed 32       		.byte	0x32
 194 00ee 76000000 		.4byte	0x76
 195 00f2 10       		.byte	0x10
 196 00f3 06       		.uleb128 0x6
 197 00f4 B5010000 		.4byte	.LASF22
 198 00f8 05       		.byte	0x5
 199 00f9 33       		.byte	0x33
 200 00fa 76000000 		.4byte	0x76
 201 00fe 14       		.byte	0x14
 202 00ff 06       		.uleb128 0x6
 203 0100 BD010000 		.4byte	.LASF23
 204 0104 05       		.byte	0x5
 205 0105 34       		.byte	0x34
 206 0106 76000000 		.4byte	0x76
 207 010a 18       		.byte	0x18
 208 010b 06       		.uleb128 0x6
 209 010c 40010000 		.4byte	.LASF24
 210 0110 05       		.byte	0x5
 211 0111 35       		.byte	0x35
 212 0112 A4000000 		.4byte	0xa4
 213 0116 1C       		.byte	0x1c
 214 0117 06       		.uleb128 0x6
 215 0118 52000000 		.4byte	.LASF25
 216 011c 05       		.byte	0x5
 217 011d 36       		.byte	0x36
 218 011e 76000000 		.4byte	0x76
 219 0122 20       		.byte	0x20
 220 0123 06       		.uleb128 0x6
 221 0124 5B000000 		.4byte	.LASF26
 222 0128 05       		.byte	0x5
 223 0129 37       		.byte	0x37
 224 012a 76000000 		.4byte	0x76
 225 012e 24       		.byte	0x24
 226 012f 06       		.uleb128 0x6
 227 0130 A5000000 		.4byte	.LASF27
 228 0134 05       		.byte	0x5
 229 0135 38       		.byte	0x38
 230 0136 A4000000 		.4byte	0xa4
 231 013a 28       		.byte	0x28
 232 013b 06       		.uleb128 0x6
 233 013c 09000000 		.4byte	.LASF28
 234 0140 05       		.byte	0x5
 235 0141 3A       		.byte	0x3a
 236 0142 76000000 		.4byte	0x76
ARM GAS  C:\Users\ntan\AppData\Local\Temp\cco1018A.s 			page 7


 237 0146 2C       		.byte	0x2c
 238 0147 06       		.uleb128 0x6
 239 0148 1A000000 		.4byte	.LASF29
 240 014c 05       		.byte	0x5
 241 014d 3B       		.byte	0x3b
 242 014e 76000000 		.4byte	0x76
 243 0152 30       		.byte	0x30
 244 0153 06       		.uleb128 0x6
 245 0154 5D020000 		.4byte	.LASF30
 246 0158 05       		.byte	0x5
 247 0159 3C       		.byte	0x3c
 248 015a 76000000 		.4byte	0x76
 249 015e 34       		.byte	0x34
 250 015f 06       		.uleb128 0x6
 251 0160 00000000 		.4byte	.LASF31
 252 0164 05       		.byte	0x5
 253 0165 3D       		.byte	0x3d
 254 0166 76000000 		.4byte	0x76
 255 016a 38       		.byte	0x38
 256 016b 06       		.uleb128 0x6
 257 016c 3D020000 		.4byte	.LASF32
 258 0170 05       		.byte	0x5
 259 0171 3E       		.byte	0x3e
 260 0172 76000000 		.4byte	0x76
 261 0176 3C       		.byte	0x3c
 262 0177 06       		.uleb128 0x6
 263 0178 11010000 		.4byte	.LASF33
 264 017c 05       		.byte	0x5
 265 017d 40       		.byte	0x40
 266 017e 76000000 		.4byte	0x76
 267 0182 40       		.byte	0x40
 268 0183 06       		.uleb128 0x6
 269 0184 17020000 		.4byte	.LASF34
 270 0188 05       		.byte	0x5
 271 0189 41       		.byte	0x41
 272 018a 76000000 		.4byte	0x76
 273 018e 44       		.byte	0x44
 274 018f 06       		.uleb128 0x6
 275 0190 31020000 		.4byte	.LASF35
 276 0194 05       		.byte	0x5
 277 0195 43       		.byte	0x43
 278 0196 76000000 		.4byte	0x76
 279 019a 48       		.byte	0x48
 280 019b 06       		.uleb128 0x6
 281 019c 36000000 		.4byte	.LASF36
 282 01a0 05       		.byte	0x5
 283 01a1 44       		.byte	0x44
 284 01a2 76000000 		.4byte	0x76
 285 01a6 4C       		.byte	0x4c
 286 01a7 06       		.uleb128 0x6
 287 01a8 51010000 		.4byte	.LASF37
 288 01ac 05       		.byte	0x5
 289 01ad 46       		.byte	0x46
 290 01ae 76000000 		.4byte	0x76
 291 01b2 50       		.byte	0x50
 292 01b3 06       		.uleb128 0x6
 293 01b4 1B010000 		.4byte	.LASF38
ARM GAS  C:\Users\ntan\AppData\Local\Temp\cco1018A.s 			page 8


 294 01b8 05       		.byte	0x5
 295 01b9 47       		.byte	0x47
 296 01ba 76000000 		.4byte	0x76
 297 01be 54       		.byte	0x54
 298 01bf 06       		.uleb128 0x6
 299 01c0 15030000 		.4byte	.LASF39
 300 01c4 05       		.byte	0x5
 301 01c5 49       		.byte	0x49
 302 01c6 76000000 		.4byte	0x76
 303 01ca 58       		.byte	0x58
 304 01cb 06       		.uleb128 0x6
 305 01cc 27000000 		.4byte	.LASF40
 306 01d0 05       		.byte	0x5
 307 01d1 4A       		.byte	0x4a
 308 01d2 76000000 		.4byte	0x76
 309 01d6 5C       		.byte	0x5c
 310 01d7 06       		.uleb128 0x6
 311 01d8 70010000 		.4byte	.LASF41
 312 01dc 05       		.byte	0x5
 313 01dd 4C       		.byte	0x4c
 314 01de 76000000 		.4byte	0x76
 315 01e2 60       		.byte	0x60
 316 01e3 00       		.byte	0
 317 01e4 03       		.uleb128 0x3
 318 01e5 25030000 		.4byte	.LASF42
 319 01e9 05       		.byte	0x5
 320 01ea 4D       		.byte	0x4d
 321 01eb AB000000 		.4byte	0xab
 322 01ef 07       		.uleb128 0x7
 323 01f0 45000000 		.4byte	.LASF49
 324 01f4 02       		.byte	0x2
 325 01f5 53       		.byte	0x53
 326 01f6 03       		.byte	0x3
 327 01f7 08       		.uleb128 0x8
 328 01f8 63010000 		.4byte	.LASF50
 329 01fc 01       		.byte	0x1
 330 01fd 0E       		.byte	0xe
 331 01fe 68000000 		.4byte	0x68
 332 0202 00000000 		.4byte	.LFB306
 333 0206 14000000 		.4byte	.LFE306-.LFB306
 334 020a 01       		.uleb128 0x1
 335 020b 9C       		.byte	0x9c
 336 020c 40020000 		.4byte	0x240
 337 0210 09       		.uleb128 0x9
 338 0211 EF010000 		.4byte	0x1ef
 339 0215 02000000 		.4byte	.LBB4
 340 0219 02000000 		.4byte	.LBE4-.LBB4
 341 021d 01       		.byte	0x1
 342 021e 10       		.byte	0x10
 343 021f 0A       		.uleb128 0xa
 344 0220 0A000000 		.4byte	.LVL0
 345 0224 50020000 		.4byte	0x250
 346 0228 36020000 		.4byte	0x236
 347 022c 0B       		.uleb128 0xb
 348 022d 01       		.uleb128 0x1
 349 022e 50       		.byte	0x50
 350 022f 05       		.uleb128 0x5
ARM GAS  C:\Users\ntan\AppData\Local\Temp\cco1018A.s 			page 9


 351 0230 0C       		.byte	0xc
 352 0231 00000810 		.4byte	0x10080000
 353 0235 00       		.byte	0
 354 0236 0C       		.uleb128 0xc
 355 0237 0E000000 		.4byte	.LVL1
 356 023b 5C020000 		.4byte	0x25c
 357 023f 00       		.byte	0
 358 0240 0D       		.uleb128 0xd
 359 0241 80000000 		.4byte	.LASF51
 360 0245 07       		.byte	0x7
 361 0246 1F       		.byte	0x1f
 362 0247 4B020000 		.4byte	0x24b
 363 024b 0E       		.uleb128 0xe
 364 024c E4010000 		.4byte	0x1e4
 365 0250 0F       		.uleb128 0xf
 366 0251 8F000000 		.4byte	.LASF43
 367 0255 8F000000 		.4byte	.LASF43
 368 0259 06       		.byte	0x6
 369 025a FE01     		.2byte	0x1fe
 370 025c 10       		.uleb128 0x10
 371 025d 7B010000 		.4byte	.LASF44
 372 0261 7B010000 		.4byte	.LASF44
 373 0265 07       		.byte	0x7
 374 0266 2A       		.byte	0x2a
 375 0267 00       		.byte	0
 376              		.section	.debug_abbrev,"",%progbits
 377              	.Ldebug_abbrev0:
 378 0000 01       		.uleb128 0x1
 379 0001 11       		.uleb128 0x11
 380 0002 01       		.byte	0x1
 381 0003 25       		.uleb128 0x25
 382 0004 0E       		.uleb128 0xe
 383 0005 13       		.uleb128 0x13
 384 0006 0B       		.uleb128 0xb
 385 0007 03       		.uleb128 0x3
 386 0008 0E       		.uleb128 0xe
 387 0009 1B       		.uleb128 0x1b
 388 000a 0E       		.uleb128 0xe
 389 000b 55       		.uleb128 0x55
 390 000c 17       		.uleb128 0x17
 391 000d 11       		.uleb128 0x11
 392 000e 01       		.uleb128 0x1
 393 000f 10       		.uleb128 0x10
 394 0010 17       		.uleb128 0x17
 395 0011 00       		.byte	0
 396 0012 00       		.byte	0
 397 0013 02       		.uleb128 0x2
 398 0014 24       		.uleb128 0x24
 399 0015 00       		.byte	0
 400 0016 0B       		.uleb128 0xb
 401 0017 0B       		.uleb128 0xb
 402 0018 3E       		.uleb128 0x3e
 403 0019 0B       		.uleb128 0xb
 404 001a 03       		.uleb128 0x3
 405 001b 0E       		.uleb128 0xe
 406 001c 00       		.byte	0
 407 001d 00       		.byte	0
ARM GAS  C:\Users\ntan\AppData\Local\Temp\cco1018A.s 			page 10


 408 001e 03       		.uleb128 0x3
 409 001f 16       		.uleb128 0x16
 410 0020 00       		.byte	0
 411 0021 03       		.uleb128 0x3
 412 0022 0E       		.uleb128 0xe
 413 0023 3A       		.uleb128 0x3a
 414 0024 0B       		.uleb128 0xb
 415 0025 3B       		.uleb128 0x3b
 416 0026 0B       		.uleb128 0xb
 417 0027 49       		.uleb128 0x49
 418 0028 13       		.uleb128 0x13
 419 0029 00       		.byte	0
 420 002a 00       		.byte	0
 421 002b 04       		.uleb128 0x4
 422 002c 24       		.uleb128 0x24
 423 002d 00       		.byte	0
 424 002e 0B       		.uleb128 0xb
 425 002f 0B       		.uleb128 0xb
 426 0030 3E       		.uleb128 0x3e
 427 0031 0B       		.uleb128 0xb
 428 0032 03       		.uleb128 0x3
 429 0033 08       		.uleb128 0x8
 430 0034 00       		.byte	0
 431 0035 00       		.byte	0
 432 0036 05       		.uleb128 0x5
 433 0037 13       		.uleb128 0x13
 434 0038 01       		.byte	0x1
 435 0039 03       		.uleb128 0x3
 436 003a 0E       		.uleb128 0xe
 437 003b 0B       		.uleb128 0xb
 438 003c 0B       		.uleb128 0xb
 439 003d 3A       		.uleb128 0x3a
 440 003e 0B       		.uleb128 0xb
 441 003f 3B       		.uleb128 0x3b
 442 0040 0B       		.uleb128 0xb
 443 0041 01       		.uleb128 0x1
 444 0042 13       		.uleb128 0x13
 445 0043 00       		.byte	0
 446 0044 00       		.byte	0
 447 0045 06       		.uleb128 0x6
 448 0046 0D       		.uleb128 0xd
 449 0047 00       		.byte	0
 450 0048 03       		.uleb128 0x3
 451 0049 0E       		.uleb128 0xe
 452 004a 3A       		.uleb128 0x3a
 453 004b 0B       		.uleb128 0xb
 454 004c 3B       		.uleb128 0x3b
 455 004d 0B       		.uleb128 0xb
 456 004e 49       		.uleb128 0x49
 457 004f 13       		.uleb128 0x13
 458 0050 38       		.uleb128 0x38
 459 0051 0B       		.uleb128 0xb
 460 0052 00       		.byte	0
 461 0053 00       		.byte	0
 462 0054 07       		.uleb128 0x7
 463 0055 2E       		.uleb128 0x2e
 464 0056 00       		.byte	0
ARM GAS  C:\Users\ntan\AppData\Local\Temp\cco1018A.s 			page 11


 465 0057 03       		.uleb128 0x3
 466 0058 0E       		.uleb128 0xe
 467 0059 3A       		.uleb128 0x3a
 468 005a 0B       		.uleb128 0xb
 469 005b 3B       		.uleb128 0x3b
 470 005c 0B       		.uleb128 0xb
 471 005d 27       		.uleb128 0x27
 472 005e 19       		.uleb128 0x19
 473 005f 20       		.uleb128 0x20
 474 0060 0B       		.uleb128 0xb
 475 0061 00       		.byte	0
 476 0062 00       		.byte	0
 477 0063 08       		.uleb128 0x8
 478 0064 2E       		.uleb128 0x2e
 479 0065 01       		.byte	0x1
 480 0066 3F       		.uleb128 0x3f
 481 0067 19       		.uleb128 0x19
 482 0068 03       		.uleb128 0x3
 483 0069 0E       		.uleb128 0xe
 484 006a 3A       		.uleb128 0x3a
 485 006b 0B       		.uleb128 0xb
 486 006c 3B       		.uleb128 0x3b
 487 006d 0B       		.uleb128 0xb
 488 006e 27       		.uleb128 0x27
 489 006f 19       		.uleb128 0x19
 490 0070 49       		.uleb128 0x49
 491 0071 13       		.uleb128 0x13
 492 0072 8701     		.uleb128 0x87
 493 0074 19       		.uleb128 0x19
 494 0075 11       		.uleb128 0x11
 495 0076 01       		.uleb128 0x1
 496 0077 12       		.uleb128 0x12
 497 0078 06       		.uleb128 0x6
 498 0079 40       		.uleb128 0x40
 499 007a 18       		.uleb128 0x18
 500 007b 9742     		.uleb128 0x2117
 501 007d 19       		.uleb128 0x19
 502 007e 01       		.uleb128 0x1
 503 007f 13       		.uleb128 0x13
 504 0080 00       		.byte	0
 505 0081 00       		.byte	0
 506 0082 09       		.uleb128 0x9
 507 0083 1D       		.uleb128 0x1d
 508 0084 00       		.byte	0
 509 0085 31       		.uleb128 0x31
 510 0086 13       		.uleb128 0x13
 511 0087 11       		.uleb128 0x11
 512 0088 01       		.uleb128 0x1
 513 0089 12       		.uleb128 0x12
 514 008a 06       		.uleb128 0x6
 515 008b 58       		.uleb128 0x58
 516 008c 0B       		.uleb128 0xb
 517 008d 59       		.uleb128 0x59
 518 008e 0B       		.uleb128 0xb
 519 008f 00       		.byte	0
 520 0090 00       		.byte	0
 521 0091 0A       		.uleb128 0xa
ARM GAS  C:\Users\ntan\AppData\Local\Temp\cco1018A.s 			page 12


 522 0092 898201   		.uleb128 0x4109
 523 0095 01       		.byte	0x1
 524 0096 11       		.uleb128 0x11
 525 0097 01       		.uleb128 0x1
 526 0098 31       		.uleb128 0x31
 527 0099 13       		.uleb128 0x13
 528 009a 01       		.uleb128 0x1
 529 009b 13       		.uleb128 0x13
 530 009c 00       		.byte	0
 531 009d 00       		.byte	0
 532 009e 0B       		.uleb128 0xb
 533 009f 8A8201   		.uleb128 0x410a
 534 00a2 00       		.byte	0
 535 00a3 02       		.uleb128 0x2
 536 00a4 18       		.uleb128 0x18
 537 00a5 9142     		.uleb128 0x2111
 538 00a7 18       		.uleb128 0x18
 539 00a8 00       		.byte	0
 540 00a9 00       		.byte	0
 541 00aa 0C       		.uleb128 0xc
 542 00ab 898201   		.uleb128 0x4109
 543 00ae 00       		.byte	0
 544 00af 11       		.uleb128 0x11
 545 00b0 01       		.uleb128 0x1
 546 00b1 31       		.uleb128 0x31
 547 00b2 13       		.uleb128 0x13
 548 00b3 00       		.byte	0
 549 00b4 00       		.byte	0
 550 00b5 0D       		.uleb128 0xd
 551 00b6 34       		.uleb128 0x34
 552 00b7 00       		.byte	0
 553 00b8 03       		.uleb128 0x3
 554 00b9 0E       		.uleb128 0xe
 555 00ba 3A       		.uleb128 0x3a
 556 00bb 0B       		.uleb128 0xb
 557 00bc 3B       		.uleb128 0x3b
 558 00bd 0B       		.uleb128 0xb
 559 00be 49       		.uleb128 0x49
 560 00bf 13       		.uleb128 0x13
 561 00c0 3F       		.uleb128 0x3f
 562 00c1 19       		.uleb128 0x19
 563 00c2 3C       		.uleb128 0x3c
 564 00c3 19       		.uleb128 0x19
 565 00c4 00       		.byte	0
 566 00c5 00       		.byte	0
 567 00c6 0E       		.uleb128 0xe
 568 00c7 26       		.uleb128 0x26
 569 00c8 00       		.byte	0
 570 00c9 49       		.uleb128 0x49
 571 00ca 13       		.uleb128 0x13
 572 00cb 00       		.byte	0
 573 00cc 00       		.byte	0
 574 00cd 0F       		.uleb128 0xf
 575 00ce 2E       		.uleb128 0x2e
 576 00cf 00       		.byte	0
 577 00d0 3F       		.uleb128 0x3f
 578 00d1 19       		.uleb128 0x19
ARM GAS  C:\Users\ntan\AppData\Local\Temp\cco1018A.s 			page 13


 579 00d2 3C       		.uleb128 0x3c
 580 00d3 19       		.uleb128 0x19
 581 00d4 6E       		.uleb128 0x6e
 582 00d5 0E       		.uleb128 0xe
 583 00d6 03       		.uleb128 0x3
 584 00d7 0E       		.uleb128 0xe
 585 00d8 3A       		.uleb128 0x3a
 586 00d9 0B       		.uleb128 0xb
 587 00da 3B       		.uleb128 0x3b
 588 00db 05       		.uleb128 0x5
 589 00dc 00       		.byte	0
 590 00dd 00       		.byte	0
 591 00de 10       		.uleb128 0x10
 592 00df 2E       		.uleb128 0x2e
 593 00e0 00       		.byte	0
 594 00e1 3F       		.uleb128 0x3f
 595 00e2 19       		.uleb128 0x19
 596 00e3 3C       		.uleb128 0x3c
 597 00e4 19       		.uleb128 0x19
 598 00e5 6E       		.uleb128 0x6e
 599 00e6 0E       		.uleb128 0xe
 600 00e7 03       		.uleb128 0x3
 601 00e8 0E       		.uleb128 0xe
 602 00e9 3A       		.uleb128 0x3a
 603 00ea 0B       		.uleb128 0xb
 604 00eb 3B       		.uleb128 0x3b
 605 00ec 0B       		.uleb128 0xb
 606 00ed 00       		.byte	0
 607 00ee 00       		.byte	0
 608 00ef 00       		.byte	0
 609              		.section	.debug_aranges,"",%progbits
 610 0000 1C000000 		.4byte	0x1c
 611 0004 0200     		.2byte	0x2
 612 0006 00000000 		.4byte	.Ldebug_info0
 613 000a 04       		.byte	0x4
 614 000b 00       		.byte	0
 615 000c 0000     		.2byte	0
 616 000e 0000     		.2byte	0
 617 0010 00000000 		.4byte	.LFB306
 618 0014 14000000 		.4byte	.LFE306-.LFB306
 619 0018 00000000 		.4byte	0
 620 001c 00000000 		.4byte	0
 621              		.section	.debug_ranges,"",%progbits
 622              	.Ldebug_ranges0:
 623 0000 00000000 		.4byte	.LFB306
 624 0004 14000000 		.4byte	.LFE306
 625 0008 00000000 		.4byte	0
 626 000c 00000000 		.4byte	0
 627              		.section	.debug_line,"",%progbits
 628              	.Ldebug_line0:
 629 0000 F8010000 		.section	.debug_str,"MS",%progbits,1
 629      0200D601 
 629      00000201 
 629      FB0E0D00 
 629      01010101 
 630              	.LASF31:
 631 0000 6B696C6C 		.ascii	"killMode\000"
ARM GAS  C:\Users\ntan\AppData\Local\Temp\cco1018A.s 			page 14


 631      4D6F6465 
 631      00
 632              	.LASF28:
 633 0009 696E7465 		.ascii	"interruptSources\000"
 633      72727570 
 633      74536F75 
 633      72636573 
 633      00
 634              	.LASF29:
 635 001a 696E7665 		.ascii	"invertPWMOut\000"
 635      72745057 
 635      4D4F7574 
 635      00
 636              	.LASF40:
 637 0027 636F756E 		.ascii	"countInputMode\000"
 637      74496E70 
 637      75744D6F 
 637      646500
 638              	.LASF36:
 639 0036 73746172 		.ascii	"startInputMode\000"
 639      74496E70 
 639      75744D6F 
 639      646500
 640              	.LASF49:
 641 0045 5F5F656E 		.ascii	"__enable_irq\000"
 641      61626C65 
 641      5F697271 
 641      00
 642              	.LASF25:
 643 0052 636F6D70 		.ascii	"compare0\000"
 643      61726530 
 643      00
 644              	.LASF26:
 645 005b 636F6D70 		.ascii	"compare1\000"
 645      61726531 
 645      00
 646              	.LASF18:
 647 0064 636C6F63 		.ascii	"clockPrescaler\000"
 647      6B507265 
 647      7363616C 
 647      657200
 648              	.LASF8:
 649 0073 756E7369 		.ascii	"unsigned int\000"
 649      676E6564 
 649      20696E74 
 649      00
 650              	.LASF51:
 651 0080 50574D5F 		.ascii	"PWM_2Hz_config\000"
 651      32487A5F 
 651      636F6E66 
 651      696700
 652              	.LASF43:
 653 008f 43795F53 		.ascii	"Cy_SysEnableCM4\000"
 653      7973456E 
 653      61626C65 
 653      434D3400 
 654              	.LASF14:
ARM GAS  C:\Users\ntan\AppData\Local\Temp\cco1018A.s 			page 15


 655 009f 666C6F61 		.ascii	"float\000"
 655      7400
 656              	.LASF27:
 657 00a5 656E6162 		.ascii	"enableCompareSwap\000"
 657      6C65436F 
 657      6D706172 
 657      65537761 
 657      7000
 658              	.LASF48:
 659 00b7 63795F73 		.ascii	"cy_stc_tcpwm_pwm_config\000"
 659      74635F74 
 659      6370776D 
 659      5F70776D 
 659      5F636F6E 
 660              	.LASF1:
 661 00cf 756E7369 		.ascii	"unsigned char\000"
 661      676E6564 
 661      20636861 
 661      7200
 662              	.LASF20:
 663 00dd 64656164 		.ascii	"deadTimeClocks\000"
 663      54696D65 
 663      436C6F63 
 663      6B7300
 664              	.LASF5:
 665 00ec 6C6F6E67 		.ascii	"long unsigned int\000"
 665      20756E73 
 665      69676E65 
 665      6420696E 
 665      7400
 666              	.LASF3:
 667 00fe 73686F72 		.ascii	"short unsigned int\000"
 667      7420756E 
 667      7369676E 
 667      65642069 
 667      6E7400
 668              	.LASF33:
 669 0111 73776170 		.ascii	"swapInput\000"
 669      496E7075 
 669      7400
 670              	.LASF38:
 671 011b 6B696C6C 		.ascii	"killInputMode\000"
 671      496E7075 
 671      744D6F64 
 671      6500
 672              	.LASF46:
 673 0129 6D61696E 		.ascii	"main_cm0p.c\000"
 673      5F636D30 
 673      702E6300 
 674              	.LASF9:
 675 0135 5F5F7569 		.ascii	"__uint32_t\000"
 675      6E743332 
 675      5F7400
 676              	.LASF24:
 677 0140 656E6162 		.ascii	"enablePeriodSwap\000"
 677      6C655065 
 677      72696F64 
ARM GAS  C:\Users\ntan\AppData\Local\Temp\cco1018A.s 			page 16


 677      53776170 
 677      00
 678              	.LASF37:
 679 0151 73746172 		.ascii	"startInput\000"
 679      74496E70 
 679      757400
 680              	.LASF15:
 681 015c 646F7562 		.ascii	"double\000"
 681      6C6500
 682              	.LASF50:
 683 0163 6D61696E 		.ascii	"main\000"
 683      00
 684              	.LASF21:
 685 0168 72756E4D 		.ascii	"runMode\000"
 685      6F646500 
 686              	.LASF41:
 687 0170 636F756E 		.ascii	"countInput\000"
 687      74496E70 
 687      757400
 688              	.LASF44:
 689 017b 50574D5F 		.ascii	"PWM_2Hz_Start\000"
 689      32487A5F 
 689      53746172 
 689      7400
 690              	.LASF19:
 691 0189 70776D41 		.ascii	"pwmAlignment\000"
 691      6C69676E 
 691      6D656E74 
 691      00
 692              	.LASF7:
 693 0196 6C6F6E67 		.ascii	"long long unsigned int\000"
 693      206C6F6E 
 693      6720756E 
 693      7369676E 
 693      65642069 
 694              	.LASF17:
 695 01ad 70776D4D 		.ascii	"pwmMode\000"
 695      6F646500 
 696              	.LASF22:
 697 01b5 70657269 		.ascii	"period0\000"
 697      6F643000 
 698              	.LASF23:
 699 01bd 70657269 		.ascii	"period1\000"
 699      6F643100 
 700              	.LASF47:
 701 01c5 433A5C55 		.ascii	"C:\\Users\\ntan\\Documents\\GitHub\\Design361\\LChi"
 701      73657273 
 701      5C6E7461 
 701      6E5C446F 
 701      63756D65 
 702 01f2 6B612E63 		.ascii	"ka.cydsn\000"
 702      7964736E 
 702      00
 703              	.LASF11:
 704 01fb 73697A65 		.ascii	"sizetype\000"
 704      74797065 
 704      00
ARM GAS  C:\Users\ntan\AppData\Local\Temp\cco1018A.s 			page 17


 705              	.LASF6:
 706 0204 6C6F6E67 		.ascii	"long long int\000"
 706      206C6F6E 
 706      6720696E 
 706      7400
 707              	.LASF13:
 708 0212 63686172 		.ascii	"char\000"
 708      00
 709              	.LASF34:
 710 0217 72656C6F 		.ascii	"reloadInputMode\000"
 710      6164496E 
 710      7075744D 
 710      6F646500 
 711              	.LASF0:
 712 0227 73686F72 		.ascii	"short int\000"
 712      7420696E 
 712      7400
 713              	.LASF35:
 714 0231 72656C6F 		.ascii	"reloadInput\000"
 714      6164496E 
 714      70757400 
 715              	.LASF32:
 716 023d 73776170 		.ascii	"swapInputMode\000"
 716      496E7075 
 716      744D6F64 
 716      6500
 717              	.LASF10:
 718 024b 75696E74 		.ascii	"uint32_t\000"
 718      33325F74 
 718      00
 719              	.LASF4:
 720 0254 6C6F6E67 		.ascii	"long int\000"
 720      20696E74 
 720      00
 721              	.LASF30:
 722 025d 696E7665 		.ascii	"invertPWMOutN\000"
 722      72745057 
 722      4D4F7574 
 722      4E00
 723              	.LASF12:
 724 026b 6C6F6E67 		.ascii	"long double\000"
 724      20646F75 
 724      626C6500 
 725              	.LASF45:
 726 0277 474E5520 		.ascii	"GNU C11 5.4.1 20160609 (release) [ARM/embedded-5-br"
 726      43313120 
 726      352E342E 
 726      31203230 
 726      31363036 
 727 02aa 616E6368 		.ascii	"anch revision 237715] -mcpu=cortex-m0plus -mthumb -"
 727      20726576 
 727      6973696F 
 727      6E203233 
 727      37373135 
 728 02dd 67202D4F 		.ascii	"g -Og -ffunction-sections -ffat-lto-objects\000"
 728      67202D66 
 728      66756E63 
ARM GAS  C:\Users\ntan\AppData\Local\Temp\cco1018A.s 			page 18


 728      74696F6E 
 728      2D736563 
 729              	.LASF2:
 730 0309 7369676E 		.ascii	"signed char\000"
 730      65642063 
 730      68617200 
 731              	.LASF39:
 732 0315 6B696C6C 		.ascii	"killInput\000"
 732      496E7075 
 732      7400
 733              	.LASF16:
 734 031f 5F426F6F 		.ascii	"_Bool\000"
 734      6C00
 735              	.LASF42:
 736 0325 63795F73 		.ascii	"cy_stc_tcpwm_pwm_config_t\000"
 736      74635F74 
 736      6370776D 
 736      5F70776D 
 736      5F636F6E 
 737              		.ident	"GCC: (GNU Tools for ARM Embedded Processors) 5.4.1 20160609 (release) [ARM/embedded-5-bran
